# JRE version: 7.0_07-b10
# Java VM: Java HotSpot(TM) 64-Bit Server VM (23.3-b01 mixed mode linux-amd64 compressed oops)
Heap
 PSYoungGen      total 56192K, used 6591K [0x00000007c14b0000, 0x00000007c5360000, 0x0000000800000000)
  eden space 48192K, 4% used [0x00000007c14b0000,0x00000007c1703e60,0x00000007c43c0000)
  from space 8000K, 52% used [0x00000007c4b90000,0x00000007c4fac010,0x00000007c5360000)
  to   space 8000K, 0% used [0x00000007c43c0000,0x00000007c43c0000,0x00000007c4b90000)
 ParOldGen       total 128384K, used 42781K [0x0000000743e00000, 0x000000074bb60000, 0x00000007c14b0000)
  object space 128384K, 33% used [0x0000000743e00000,0x00000007467c76b0,0x000000074bb60000)
 PSPermGen       total 21248K, used 10440K [0x000000073ec00000, 0x00000007400c0000, 0x0000000743e00000)
  object space 21248K, 49% used [0x000000073ec00000,0x000000073f632308,0x00000007400c0000)
GC Heap History (8 events):
Event: 30,063 GC heap before
{Heap before GC invocations=1 (full 0):
 PSYoungGen      total 56192K, used 48192K [0x00000007c14b0000, 0x00000007c5360000, 0x0000000800000000)
  eden space 48192K, 100% used [0x00000007c14b0000,0x00000007c43c0000,0x00000007c43c0000)
  from space 8000K, 0% used [0x00000007c4b90000,0x00000007c4b90000,0x00000007c5360000)
  to   space 8000K, 0% used [0x00000007c43c0000,0x00000007c43c0000,0x00000007c4b90000)
 ParOldGen       total 128384K, used 0K [0x0000000743e00000, 0x000000074bb60000, 0x00000007c14b0000)
  object space 128384K, 0% used [0x0000000743e00000,0x0000000743e00000,0x000000074bb60000)
 PSPermGen       total 21248K, used 10097K [0x000000073ec00000, 0x00000007400c0000, 0x0000000743e00000)
  object space 21248K, 47% used [0x000000073ec00000,0x000000073f5dc480,0x00000007400c0000)
Event: 30,079 GC heap after
Heap after GC invocations=1 (full 0):
 PSYoungGen      total 56192K, used 7993K [0x00000007c14b0000, 0x00000007c5360000, 0x0000000800000000)
  eden space 48192K, 0% used [0x00000007c14b0000,0x00000007c14b0000,0x00000007c43c0000)
  from space 8000K, 99% used [0x00000007c43c0000,0x00000007c4b8e6f0,0x00000007c4b90000)
  to   space 8000K, 0% used [0x00000007c4b90000,0x00000007c4b90000,0x00000007c5360000)
 ParOldGen       total 128384K, used 22507K [0x0000000743e00000, 0x000000074bb60000, 0x00000007c14b0000)
  object space 128384K, 17% used [0x0000000743e00000,0x00000007453fae70,0x000000074bb60000)
 PSPermGen       total 21248K, used 10097K [0x000000073ec00000, 0x00000007400c0000, 0x0000000743e00000)
  object space 21248K, 47% used [0x000000073ec00000,0x000000073f5dc480,0x00000007400c0000)
}
Event: 55,451 GC heap before
{Heap before GC invocations=2 (full 0):
 PSYoungGen      total 56192K, used 56185K [0x00000007c14b0000, 0x00000007c5360000, 0x0000000800000000)
  eden space 48192K, 100% used [0x00000007c14b0000,0x00000007c43c0000,0x00000007c43c0000)
  from space 8000K, 99% used [0x00000007c43c0000,0x00000007c4b8e6f0,0x00000007c4b90000)
  to   space 8000K, 0% used [0x00000007c4b90000,0x00000007c4b90000,0x00000007c5360000)
 ParOldGen       total 128384K, used 22507K [0x0000000743e00000, 0x000000074bb60000, 0x00000007c14b0000)
  object space 128384K, 17% used [0x0000000743e00000,0x00000007453fae70,0x000000074bb60000)
 PSPermGen       total 21248K, used 10139K [0x000000073ec00000, 0x00000007400c0000, 0x0000000743e00000)
  object space 21248K, 47% used [0x000000073ec00000,0x000000073f5e6f20,0x00000007400c0000)
Event: 55,461 GC heap after
Heap after GC invocations=2 (full 0):
 PSYoungGen      total 56192K, used 7942K [0x00000007c14b0000, 0x00000007c5360000, 0x0000000800000000)
  eden space 48192K, 0% used [0x00000007c14b0000,0x00000007c14b0000,0x00000007c43c0000)
  from space 8000K, 99% used [0x00000007c4b90000,0x00000007c5351a50,0x00000007c5360000)
  to   space 8000K, 0% used [0x00000007c43c0000,0x00000007c43c0000,0x00000007c4b90000)
 ParOldGen       total 128384K, used 42765K [0x0000000743e00000, 0x000000074bb60000, 0x00000007c14b0000)
  object space 128384K, 33% used [0x0000000743e00000,0x00000007467c36b0,0x000000074bb60000)
 PSPermGen       total 21248K, used 10139K [0x000000073ec00000, 0x00000007400c0000, 0x0000000743e00000)
  object space 21248K, 47% used [0x000000073ec00000,0x000000073f5e6f20,0x00000007400c0000)
}
Event: 79,076 GC heap before
{Heap before GC invocations=3 (full 0):
 PSYoungGen      total 56192K, used 56134K [0x00000007c14b0000, 0x00000007c5360000, 0x0000000800000000)
  eden space 48192K, 100% used [0x00000007c14b0000,0x00000007c43c0000,0x00000007c43c0000)
  from space 8000K, 99% used [0x00000007c4b90000,0x00000007c5351a50,0x00000007c5360000)
  to   space 8000K, 0% used [0x00000007c43c0000,0x00000007c43c0000,0x00000007c4b90000)
 ParOldGen       total 128384K, used 42765K [0x0000000743e00000, 0x000000074bb60000, 0x00000007c14b0000)
  object space 128384K, 33% used [0x0000000743e00000,0x00000007467c36b0,0x000000074bb60000)
 PSPermGen       total 21248K, used 10150K [0x000000073ec00000, 0x00000007400c0000, 0x0000000743e00000)
  object space 21248K, 47% used [0x000000073ec00000,0x000000073f5e98b8,0x00000007400c0000)
Event: 79,080 GC heap after
Heap after GC invocations=3 (full 0):
 PSYoungGen      total 56192K, used 3456K [0x00000007c14b0000, 0x00000007c5360000, 0x0000000800000000)
  eden space 48192K, 0% used [0x00000007c14b0000,0x00000007c14b0000,0x00000007c43c0000)
  from space 8000K, 43% used [0x00000007c43c0000,0x00000007c4720040,0x00000007c4b90000)
  to   space 8000K, 0% used [0x00000007c4b90000,0x00000007c4b90000,0x00000007c5360000)
 ParOldGen       total 128384K, used 42773K [0x0000000743e00000, 0x000000074bb60000, 0x00000007c14b0000)
  object space 128384K, 33% used [0x0000000743e00000,0x00000007467c56b0,0x000000074bb60000)
 PSPermGen       total 21248K, used 10150K [0x000000073ec00000, 0x00000007400c0000, 0x0000000743e00000)
  object space 21248K, 47% used [0x000000073ec00000,0x000000073f5e98b8,0x00000007400c0000)
}
Event: 100,815 GC heap before
{Heap before GC invocations=4 (full 0):
 PSYoungGen      total 56192K, used 51648K [0x00000007c14b0000, 0x00000007c5360000, 0x0000000800000000)
  eden space 48192K, 100% used [0x00000007c14b0000,0x00000007c43c0000,0x00000007c43c0000)
  from space 8000K, 43% used [0x00000007c43c0000,0x00000007c4720040,0x00000007c4b90000)
  to   space 8000K, 0% used [0x00000007c4b90000,0x00000007c4b90000,0x00000007c5360000)
 ParOldGen       total 128384K, used 42773K [0x0000000743e00000, 0x000000074bb60000, 0x00000007c14b0000)
  object space 128384K, 33% used [0x0000000743e00000,0x00000007467c56b0,0x000000074bb60000)
 PSPermGen       total 21248K, used 10414K [0x000000073ec00000, 0x00000007400c0000, 0x0000000743e00000)
  object space 21248K, 49% used [0x000000073ec00000,0x000000073f62baf0,0x00000007400c0000)
Event: 100,819 GC heap after
Heap after GC invocations=4 (full 0):
 PSYoungGen      total 56192K, used 4208K [0x00000007c14b0000, 0x00000007c5360000, 0x0000000800000000)
  eden space 48192K, 0% used [0x00000007c14b0000,0x00000007c14b0000,0x00000007c43c0000)
  from space 8000K, 52% used [0x00000007c4b90000,0x00000007c4fac010,0x00000007c5360000)
  to   space 8000K, 0% used [0x00000007c43c0000,0x00000007c43c0000,0x00000007c4b90000)
 ParOldGen       total 128384K, used 42781K [0x0000000743e00000, 0x000000074bb60000, 0x00000007c14b0000)
  object space 128384K, 33% used [0x0000000743e00000,0x00000007467c76b0,0x000000074bb60000)
 PSPermGen       total 21248K, used 10414K [0x000000073ec00000, 0x00000007400c0000, 0x0000000743e00000)
  object space 21248K, 49% used [0x000000073ec00000,0x000000073f62baf0,0x00000007400c0000)
}

