# JRE version: 7.0_07-b10
# Java VM: Java HotSpot(TM) 64-Bit Server VM (23.3-b01 mixed mode linux-amd64 compressed oops)
Heap
 PSYoungGen      total 56192K, used 7823K [0x00000007c14b0000, 0x00000007c5360000, 0x0000000800000000)
  eden space 48192K, 0% used [0x00000007c14b0000,0x00000007c14ec450,0x00000007c43c0000)
  from space 8000K, 94% used [0x00000007c4b90000,0x00000007c52f78f0,0x00000007c5360000)
  to   space 8000K, 0% used [0x00000007c43c0000,0x00000007c43c0000,0x00000007c4b90000)
 ParOldGen       total 128384K, used 24815K [0x0000000743e00000, 0x000000074bb60000, 0x00000007c14b0000)
  object space 128384K, 19% used [0x0000000743e00000,0x000000074563bd68,0x000000074bb60000)
 PSPermGen       total 21248K, used 10148K [0x000000073ec00000, 0x00000007400c0000, 0x0000000743e00000)
  object space 21248K, 47% used [0x000000073ec00000,0x000000073f5e9258,0x00000007400c0000)
GC Heap History (4 events):
Event: 4,585 GC heap before
{Heap before GC invocations=1 (full 0):
 PSYoungGen      total 56192K, used 47534K [0x00000007c14b0000, 0x00000007c5360000, 0x0000000800000000)
  eden space 48192K, 98% used [0x00000007c14b0000,0x00000007c431b828,0x00000007c43c0000)
  from space 8000K, 0% used [0x00000007c4b90000,0x00000007c4b90000,0x00000007c5360000)
  to   space 8000K, 0% used [0x00000007c43c0000,0x00000007c43c0000,0x00000007c4b90000)
 ParOldGen       total 128384K, used 0K [0x0000000743e00000, 0x000000074bb60000, 0x00000007c14b0000)
  object space 128384K, 0% used [0x0000000743e00000,0x0000000743e00000,0x000000074bb60000)
 PSPermGen       total 21248K, used 10057K [0x000000073ec00000, 0x00000007400c0000, 0x0000000743e00000)
  object space 21248K, 47% used [0x000000073ec00000,0x000000073f5d27f8,0x00000007400c0000)
Event: 4,595 GC heap after
Heap after GC invocations=1 (full 0):
 PSYoungGen      total 56192K, used 7980K [0x00000007c14b0000, 0x00000007c5360000, 0x0000000800000000)
  eden space 48192K, 0% used [0x00000007c14b0000,0x00000007c14b0000,0x00000007c43c0000)
  from space 8000K, 99% used [0x00000007c43c0000,0x00000007c4b8b3d8,0x00000007c4b90000)
  to   space 8000K, 0% used [0x00000007c4b90000,0x00000007c4b90000,0x00000007c5360000)
 ParOldGen       total 128384K, used 2030K [0x0000000743e00000, 0x000000074bb60000, 0x00000007c14b0000)
  object space 128384K, 1% used [0x0000000743e00000,0x0000000743ffba28,0x000000074bb60000)
 PSPermGen       total 21248K, used 10057K [0x000000073ec00000, 0x00000007400c0000, 0x0000000743e00000)
  object space 21248K, 47% used [0x000000073ec00000,0x000000073f5d27f8,0x00000007400c0000)
}
Event: 23,191 GC heap before
{Heap before GC invocations=2 (full 0):
 PSYoungGen      total 56192K, used 56172K [0x00000007c14b0000, 0x00000007c5360000, 0x0000000800000000)
  eden space 48192K, 100% used [0x00000007c14b0000,0x00000007c43c0000,0x00000007c43c0000)
  from space 8000K, 99% used [0x00000007c43c0000,0x00000007c4b8b3d8,0x00000007c4b90000)
  to   space 8000K, 0% used [0x00000007c4b90000,0x00000007c4b90000,0x00000007c5360000)
 ParOldGen       total 128384K, used 2030K [0x0000000743e00000, 0x000000074bb60000, 0x00000007c14b0000)
  object space 128384K, 1% used [0x0000000743e00000,0x0000000743ffba28,0x000000074bb60000)
 PSPermGen       total 21248K, used 10137K [0x000000073ec00000, 0x00000007400c0000, 0x0000000743e00000)
  object space 21248K, 47% used [0x000000073ec00000,0x000000073f5e6788,0x00000007400c0000)
Event: 23,202 GC heap after
Heap after GC invocations=2 (full 0):
 PSYoungGen      total 56192K, used 7582K [0x00000007c14b0000, 0x00000007c5360000, 0x0000000800000000)
  eden space 48192K, 0% used [0x00000007c14b0000,0x00000007c14b0000,0x00000007c43c0000)
  from space 8000K, 94% used [0x00000007c4b90000,0x00000007c52f78f0,0x00000007c5360000)
  to   space 8000K, 0% used [0x00000007c43c0000,0x00000007c43c0000,0x00000007c4b90000)
 ParOldGen       total 128384K, used 24815K [0x0000000743e00000, 0x000000074bb60000, 0x00000007c14b0000)
  object space 128384K, 19% used [0x0000000743e00000,0x000000074563bd68,0x000000074bb60000)
 PSPermGen       total 21248K, used 10137K [0x000000073ec00000, 0x00000007400c0000, 0x0000000743e00000)
  object space 21248K, 47% used [0x000000073ec00000,0x000000073f5e6788,0x00000007400c0000)
}

