# JRE version: 7.0_07-b10
# Java VM: Java HotSpot(TM) 64-Bit Server VM (23.3-b01 mixed mode linux-amd64 compressed oops)
Heap
 PSYoungGen      total 56192K, used 11952K [0x00000007c14b0000, 0x00000007c5360000, 0x0000000800000000)
  eden space 48192K, 11% used [0x00000007c14b0000,0x00000007c1a22890,0x00000007c43c0000)
  from space 8000K, 79% used [0x00000007c4b90000,0x00000007c51c9a10,0x00000007c5360000)
  to   space 8000K, 0% used [0x00000007c43c0000,0x00000007c43c0000,0x00000007c4b90000)
 ParOldGen       total 138048K, used 39037K [0x0000000743e00000, 0x000000074c4d0000, 0x00000007c14b0000)
  object space 138048K, 28% used [0x0000000743e00000,0x000000074641f488,0x000000074c4d0000)
 PSPermGen       total 21248K, used 10443K [0x000000073ec00000, 0x00000007400c0000, 0x0000000743e00000)
  object space 21248K, 49% used [0x000000073ec00000,0x000000073f632c28,0x00000007400c0000)
GC Heap History (6 events):
Event: 22,027 GC heap before
{Heap before GC invocations=1 (full 0):
 PSYoungGen      total 56192K, used 48192K [0x00000007c14b0000, 0x00000007c5360000, 0x0000000800000000)
  eden space 48192K, 100% used [0x00000007c14b0000,0x00000007c43c0000,0x00000007c43c0000)
  from space 8000K, 0% used [0x00000007c4b90000,0x00000007c4b90000,0x00000007c5360000)
  to   space 8000K, 0% used [0x00000007c43c0000,0x00000007c43c0000,0x00000007c4b90000)
 ParOldGen       total 128384K, used 0K [0x0000000743e00000, 0x000000074bb60000, 0x00000007c14b0000)
  object space 128384K, 0% used [0x0000000743e00000,0x0000000743e00000,0x000000074bb60000)
 PSPermGen       total 21248K, used 10072K [0x000000073ec00000, 0x00000007400c0000, 0x0000000743e00000)
  object space 21248K, 47% used [0x000000073ec00000,0x000000073f5d6308,0x00000007400c0000)
Event: 22,047 GC heap after
Heap after GC invocations=1 (full 0):
 PSYoungGen      total 56192K, used 4842K [0x00000007c14b0000, 0x00000007c5360000, 0x0000000800000000)
  eden space 48192K, 0% used [0x00000007c14b0000,0x00000007c14b0000,0x00000007c43c0000)
  from space 8000K, 60% used [0x00000007c43c0000,0x00000007c487aa70,0x00000007c4b90000)
  to   space 8000K, 0% used [0x00000007c4b90000,0x00000007c4b90000,0x00000007c5360000)
 ParOldGen       total 128384K, used 71008K [0x0000000743e00000, 0x000000074bb60000, 0x00000007c14b0000)
  object space 128384K, 55% used [0x0000000743e00000,0x0000000748358050,0x000000074bb60000)
 PSPermGen       total 21248K, used 10072K [0x000000073ec00000, 0x00000007400c0000, 0x0000000743e00000)
  object space 21248K, 47% used [0x000000073ec00000,0x000000073f5d6308,0x00000007400c0000)
}
Event: 22,047 GC heap before
{Heap before GC invocations=2 (full 1):
 PSYoungGen      total 56192K, used 4842K [0x00000007c14b0000, 0x00000007c5360000, 0x0000000800000000)
  eden space 48192K, 0% used [0x00000007c14b0000,0x00000007c14b0000,0x00000007c43c0000)
  from space 8000K, 60% used [0x00000007c43c0000,0x00000007c487aa70,0x00000007c4b90000)
  to   space 8000K, 0% used [0x00000007c4b90000,0x00000007c4b90000,0x00000007c5360000)
 ParOldGen       total 128384K, used 71008K [0x0000000743e00000, 0x000000074bb60000, 0x00000007c14b0000)
  object space 128384K, 55% used [0x0000000743e00000,0x0000000748358050,0x000000074bb60000)
 PSPermGen       total 21248K, used 10072K [0x000000073ec00000, 0x00000007400c0000, 0x0000000743e00000)
  object space 21248K, 47% used [0x000000073ec00000,0x000000073f5d6308,0x00000007400c0000)
Event: 22,074 GC heap after
Heap after GC invocations=2 (full 1):
 PSYoungGen      total 56192K, used 0K [0x00000007c14b0000, 0x00000007c5360000, 0x0000000800000000)
  eden space 48192K, 0% used [0x00000007c14b0000,0x00000007c14b0000,0x00000007c43c0000)
  from space 8000K, 0% used [0x00000007c43c0000,0x00000007c43c0000,0x00000007c4b90000)
  to   space 8000K, 0% used [0x00000007c4b90000,0x00000007c4b90000,0x00000007c5360000)
 ParOldGen       total 138048K, used 18787K [0x0000000743e00000, 0x000000074c4d0000, 0x00000007c14b0000)
  object space 138048K, 13% used [0x0000000743e00000,0x0000000745058c48,0x000000074c4d0000)
 PSPermGen       total 21248K, used 10069K [0x000000073ec00000, 0x00000007400c0000, 0x0000000743e00000)
  object space 21248K, 47% used [0x000000073ec00000,0x000000073f5d5470,0x00000007400c0000)
}
Event: 54,354 GC heap before
{Heap before GC invocations=3 (full 1):
 PSYoungGen      total 56192K, used 48192K [0x00000007c14b0000, 0x00000007c5360000, 0x0000000800000000)
  eden space 48192K, 100% used [0x00000007c14b0000,0x00000007c43c0000,0x00000007c43c0000)
  from space 8000K, 0% used [0x00000007c43c0000,0x00000007c43c0000,0x00000007c4b90000)
  to   space 8000K, 0% used [0x00000007c4b90000,0x00000007c4b90000,0x00000007c5360000)
 ParOldGen       total 138048K, used 18787K [0x0000000743e00000, 0x000000074c4d0000, 0x00000007c14b0000)
  object space 138048K, 13% used [0x0000000743e00000,0x0000000745058c48,0x000000074c4d0000)
 PSPermGen       total 21248K, used 10416K [0x000000073ec00000, 0x00000007400c0000, 0x0000000743e00000)
  object space 21248K, 49% used [0x000000073ec00000,0x000000073f62c208,0x00000007400c0000)
Event: 54,363 GC heap after
Heap after GC invocations=3 (full 1):
 PSYoungGen      total 56192K, used 6374K [0x00000007c14b0000, 0x00000007c5360000, 0x0000000800000000)
  eden space 48192K, 0% used [0x00000007c14b0000,0x00000007c14b0000,0x00000007c43c0000)
  from space 8000K, 79% used [0x00000007c4b90000,0x00000007c51c9a10,0x00000007c5360000)
  to   space 8000K, 0% used [0x00000007c43c0000,0x00000007c43c0000,0x00000007c4b90000)
 ParOldGen       total 138048K, used 39037K [0x0000000743e00000, 0x000000074c4d0000, 0x00000007c14b0000)
  object space 138048K, 28% used [0x0000000743e00000,0x000000074641f488,0x000000074c4d0000)
 PSPermGen       total 21248K, used 10416K [0x000000073ec00000, 0x00000007400c0000, 0x0000000743e00000)
  object space 21248K, 49% used [0x000000073ec00000,0x000000073f62c208,0x00000007400c0000)
}

