# JRE version: 7.0_07-b10
# Java VM: Java HotSpot(TM) 64-Bit Server VM (23.3-b01 mixed mode linux-amd64 compressed oops)
Heap
 PSYoungGen      total 44992K, used 31728K [0x00000007c14b0000, 0x00000007c7f90000, 0x0000000800000000)
  eden space 42752K, 69% used [0x00000007c14b0000,0x00000007c3186420,0x00000007c3e70000)
  from space 2240K, 98% used [0x00000007c3f70000,0x00000007c4195eb8,0x00000007c41a0000)
  to   space 33344K, 0% used [0x00000007c5f00000,0x00000007c5f00000,0x00000007c7f90000)
 ParOldGen       total 128384K, used 48702K [0x0000000743e00000, 0x000000074bb60000, 0x00000007c14b0000)
  object space 128384K, 37% used [0x0000000743e00000,0x0000000746d8f830,0x000000074bb60000)
 PSPermGen       total 21248K, used 10354K [0x000000073ec00000, 0x00000007400c0000, 0x0000000743e00000)
  object space 21248K, 48% used [0x000000073ec00000,0x000000073f61cab8,0x00000007400c0000)
GC Heap History (10 events):
Event: 146,458 GC heap before
{Heap before GC invocations=5 (full 0):
 PSYoungGen      total 56192K, used 52640K [0x00000007c14b0000, 0x00000007c5360000, 0x0000000800000000)
  eden space 48192K, 100% used [0x00000007c14b0000,0x00000007c43c0000,0x00000007c43c0000)
  from space 8000K, 55% used [0x00000007c4b90000,0x00000007c4fe8020,0x00000007c5360000)
  to   space 8000K, 0% used [0x00000007c43c0000,0x00000007c43c0000,0x00000007c4b90000)
 ParOldGen       total 128384K, used 42840K [0x0000000743e00000, 0x000000074bb60000, 0x00000007c14b0000)
  object space 128384K, 33% used [0x0000000743e00000,0x00000007467d62e0,0x000000074bb60000)
 PSPermGen       total 21248K, used 10264K [0x000000073ec00000, 0x00000007400c0000, 0x0000000743e00000)
  object space 21248K, 48% used [0x000000073ec00000,0x000000073f606348,0x00000007400c0000)
Event: 146,462 GC heap after
Heap after GC invocations=5 (full 0):
 PSYoungGen      total 55040K, used 5328K [0x00000007c14b0000, 0x00000007c8d80000, 0x0000000800000000)
  eden space 47040K, 0% used [0x00000007c14b0000,0x00000007c14b0000,0x00000007c42a0000)
  from space 8000K, 66% used [0x00000007c43c0000,0x00000007c48f4050,0x00000007c4b90000)
  to   space 38336K, 0% used [0x00000007c6810000,0x00000007c6810000,0x00000007c8d80000)
 ParOldGen       total 128384K, used 42848K [0x0000000743e00000, 0x000000074bb60000, 0x00000007c14b0000)
  object space 128384K, 33% used [0x0000000743e00000,0x00000007467d82e0,0x000000074bb60000)
 PSPermGen       total 21248K, used 10264K [0x000000073ec00000, 0x00000007400c0000, 0x0000000743e00000)
  object space 21248K, 48% used [0x000000073ec00000,0x000000073f606348,0x00000007400c0000)
}
Event: 171,969 GC heap before
{Heap before GC invocations=6 (full 0):
 PSYoungGen      total 55040K, used 52368K [0x00000007c14b0000, 0x00000007c8d80000, 0x0000000800000000)
  eden space 47040K, 100% used [0x00000007c14b0000,0x00000007c42a0000,0x00000007c42a0000)
  from space 8000K, 66% used [0x00000007c43c0000,0x00000007c48f4050,0x00000007c4b90000)
  to   space 38336K, 0% used [0x00000007c6810000,0x00000007c6810000,0x00000007c8d80000)
 ParOldGen       total 128384K, used 42848K [0x0000000743e00000, 0x000000074bb60000, 0x00000007c14b0000)
  object space 128384K, 33% used [0x0000000743e00000,0x00000007467d82e0,0x000000074bb60000)
 PSPermGen       total 21248K, used 10308K [0x000000073ec00000, 0x00000007400c0000, 0x0000000743e00000)
  object space 21248K, 48% used [0x000000073ec00000,0x000000073f611320,0x00000007400c0000)
Event: 171,980 GC heap after
Heap after GC invocations=6 (full 0):
 PSYoungGen      total 79616K, used 5984K [0x00000007c14b0000, 0x00000007c8900000, 0x0000000800000000)
  eden space 45888K, 0% used [0x00000007c14b0000,0x00000007c14b0000,0x00000007c4180000)
  from space 33728K, 17% used [0x00000007c6810000,0x00000007c6de8170,0x00000007c8900000)
  to   space 36608K, 0% used [0x00000007c4180000,0x00000007c4180000,0x00000007c6540000)
 ParOldGen       total 128384K, used 42848K [0x0000000743e00000, 0x000000074bb60000, 0x00000007c14b0000)
  object space 128384K, 33% used [0x0000000743e00000,0x00000007467d82e0,0x000000074bb60000)
 PSPermGen       total 21248K, used 10308K [0x000000073ec00000, 0x00000007400c0000, 0x0000000743e00000)
  object space 21248K, 48% used [0x000000073ec00000,0x000000073f611320,0x00000007400c0000)
}
Event: 196,300 GC heap before
{Heap before GC invocations=7 (full 0):
 PSYoungGen      total 79616K, used 51872K [0x00000007c14b0000, 0x00000007c8900000, 0x0000000800000000)
  eden space 45888K, 100% used [0x00000007c14b0000,0x00000007c4180000,0x00000007c4180000)
  from space 33728K, 17% used [0x00000007c6810000,0x00000007c6de8170,0x00000007c8900000)
  to   space 36608K, 0% used [0x00000007c4180000,0x00000007c4180000,0x00000007c6540000)
 ParOldGen       total 128384K, used 42848K [0x0000000743e00000, 0x000000074bb60000, 0x00000007c14b0000)
  object space 128384K, 33% used [0x0000000743e00000,0x00000007467d82e0,0x000000074bb60000)
 PSPermGen       total 21248K, used 10311K [0x000000073ec00000, 0x00000007400c0000, 0x0000000743e00000)
  object space 21248K, 48% used [0x000000073ec00000,0x000000073f611d30,0x00000007400c0000)
Event: 196,309 GC heap after
Heap after GC invocations=7 (full 0):
 PSYoungGen      total 48768K, used 3920K [0x00000007c14b0000, 0x00000007c8590000, 0x0000000800000000)
  eden space 44800K, 0% used [0x00000007c14b0000,0x00000007c14b0000,0x00000007c4070000)
  from space 3968K, 98% used [0x00000007c4180000,0x00000007c45543c0,0x00000007c4560000)
  to   space 35392K, 0% used [0x00000007c6300000,0x00000007c6300000,0x00000007c8590000)
 ParOldGen       total 128384K, used 45678K [0x0000000743e00000, 0x000000074bb60000, 0x00000007c14b0000)
  object space 128384K, 35% used [0x0000000743e00000,0x0000000746a9b810,0x000000074bb60000)
 PSPermGen       total 21248K, used 10311K [0x000000073ec00000, 0x00000007400c0000, 0x0000000743e00000)
  object space 21248K, 48% used [0x000000073ec00000,0x000000073f611d30,0x00000007400c0000)
}
Event: 219,613 GC heap before
{Heap before GC invocations=8 (full 0):
 PSYoungGen      total 48768K, used 48720K [0x00000007c14b0000, 0x00000007c8590000, 0x0000000800000000)
  eden space 44800K, 100% used [0x00000007c14b0000,0x00000007c4070000,0x00000007c4070000)
  from space 3968K, 98% used [0x00000007c4180000,0x00000007c45543c0,0x00000007c4560000)
  to   space 35392K, 0% used [0x00000007c6300000,0x00000007c6300000,0x00000007c8590000)
 ParOldGen       total 128384K, used 45678K [0x0000000743e00000, 0x000000074bb60000, 0x00000007c14b0000)
  object space 128384K, 35% used [0x0000000743e00000,0x0000000746a9b810,0x000000074bb60000)
 PSPermGen       total 21248K, used 10312K [0x000000073ec00000, 0x00000007400c0000, 0x0000000743e00000)
  object space 21248K, 48% used [0x000000073ec00000,0x000000073f612038,0x00000007400c0000)
Event: 219,623 GC heap after
Heap after GC invocations=8 (full 0):
 PSYoungGen      total 75968K, used 2971K [0x00000007c14b0000, 0x00000007c8270000, 0x0000000800000000)
  eden space 43776K, 0% used [0x00000007c14b0000,0x00000007c14b0000,0x00000007c3f70000)
  from space 32192K, 9% used [0x00000007c6300000,0x00000007c65e6c28,0x00000007c8270000)
  to   space 34304K, 0% used [0x00000007c3f70000,0x00000007c3f70000,0x00000007c60f0000)
 ParOldGen       total 128384K, used 47230K [0x0000000743e00000, 0x000000074bb60000, 0x00000007c14b0000)
  object space 128384K, 36% used [0x0000000743e00000,0x0000000746c1f810,0x000000074bb60000)
 PSPermGen       total 21248K, used 10312K [0x000000073ec00000, 0x00000007400c0000, 0x0000000743e00000)
  object space 21248K, 48% used [0x000000073ec00000,0x000000073f612038,0x00000007400c0000)
}
Event: 242,564 GC heap before
{Heap before GC invocations=9 (full 0):
 PSYoungGen      total 75968K, used 46747K [0x00000007c14b0000, 0x00000007c8270000, 0x0000000800000000)
  eden space 43776K, 100% used [0x00000007c14b0000,0x00000007c3f70000,0x00000007c3f70000)
  from space 32192K, 9% used [0x00000007c6300000,0x00000007c65e6c28,0x00000007c8270000)
  to   space 34304K, 0% used [0x00000007c3f70000,0x00000007c3f70000,0x00000007c60f0000)
 ParOldGen       total 128384K, used 47230K [0x0000000743e00000, 0x000000074bb60000, 0x00000007c14b0000)
  object space 128384K, 36% used [0x0000000743e00000,0x0000000746c1f810,0x000000074bb60000)
 PSPermGen       total 21248K, used 10313K [0x000000073ec00000, 0x00000007400c0000, 0x0000000743e00000)
  object space 21248K, 48% used [0x000000073ec00000,0x000000073f612700,0x00000007400c0000)
Event: 242,567 GC heap after
Heap after GC invocations=9 (full 0):
 PSYoungGen      total 44992K, used 2199K [0x00000007c14b0000, 0x00000007c7f90000, 0x0000000800000000)
  eden space 42752K, 0% used [0x00000007c14b0000,0x00000007c14b0000,0x00000007c3e70000)
  from space 2240K, 98% used [0x00000007c3f70000,0x00000007c4195eb8,0x00000007c41a0000)
  to   space 33344K, 0% used [0x00000007c5f00000,0x00000007c5f00000,0x00000007c7f90000)
 ParOldGen       total 128384K, used 48702K [0x0000000743e00000, 0x000000074bb60000, 0x00000007c14b0000)
  object space 128384K, 37% used [0x0000000743e00000,0x0000000746d8f830,0x000000074bb60000)
 PSPermGen       total 21248K, used 10313K [0x000000073ec00000, 0x00000007400c0000, 0x0000000743e00000)
  object space 21248K, 48% used [0x000000073ec00000,0x000000073f612700,0x00000007400c0000)
}

