# JRE version: 7.0_07-b10
# Java VM: Java HotSpot(TM) 64-Bit Server VM (23.3-b01 mixed mode linux-amd64 compressed oops)
Heap
 PSYoungGen      total 52416K, used 41975K [0x00000007c14b0000, 0x00000007c4ee0000, 0x0000000800000000)
  eden space 47040K, 77% used [0x00000007c14b0000,0x00000007c38730b0,0x00000007c42a0000)
  from space 5376K, 99% used [0x00000007c43c0000,0x00000007c48fabc0,0x00000007c4900000)
  to   space 6016K, 0% used [0x00000007c4900000,0x00000007c4900000,0x00000007c4ee0000)
 ParOldGen       total 128384K, used 40K [0x0000000743e00000, 0x000000074bb60000, 0x00000007c14b0000)
  object space 128384K, 0% used [0x0000000743e00000,0x0000000743e0a000,0x000000074bb60000)
 PSPermGen       total 21248K, used 10556K [0x000000073ec00000, 0x00000007400c0000, 0x0000000743e00000)
  object space 21248K, 49% used [0x000000073ec00000,0x000000073f64f3e0,0x00000007400c0000)
GC Heap History (10 events):
Event: 10,722 GC heap before
{Heap before GC invocations=1 (full 0):
 PSYoungGen      total 56192K, used 48192K [0x00000007c14b0000, 0x00000007c5360000, 0x0000000800000000)
  eden space 48192K, 100% used [0x00000007c14b0000,0x00000007c43c0000,0x00000007c43c0000)
  from space 8000K, 0% used [0x00000007c4b90000,0x00000007c4b90000,0x00000007c5360000)
  to   space 8000K, 0% used [0x00000007c43c0000,0x00000007c43c0000,0x00000007c4b90000)
 ParOldGen       total 128384K, used 0K [0x0000000743e00000, 0x000000074bb60000, 0x00000007c14b0000)
  object space 128384K, 0% used [0x0000000743e00000,0x0000000743e00000,0x000000074bb60000)
 PSPermGen       total 21248K, used 10063K [0x000000073ec00000, 0x00000007400c0000, 0x0000000743e00000)
  object space 21248K, 47% used [0x000000073ec00000,0x000000073f5d3e40,0x00000007400c0000)
Event: 10,731 GC heap after
Heap after GC invocations=1 (full 0):
 PSYoungGen      total 56192K, used 5156K [0x00000007c14b0000, 0x00000007c5360000, 0x0000000800000000)
  eden space 48192K, 0% used [0x00000007c14b0000,0x00000007c14b0000,0x00000007c43c0000)
  from space 8000K, 64% used [0x00000007c43c0000,0x00000007c48c93c8,0x00000007c4b90000)
  to   space 8000K, 0% used [0x00000007c4b90000,0x00000007c4b90000,0x00000007c5360000)
 ParOldGen       total 128384K, used 8K [0x0000000743e00000, 0x000000074bb60000, 0x00000007c14b0000)
  object space 128384K, 0% used [0x0000000743e00000,0x0000000743e02000,0x000000074bb60000)
 PSPermGen       total 21248K, used 10063K [0x000000073ec00000, 0x00000007400c0000, 0x0000000743e00000)
  object space 21248K, 47% used [0x000000073ec00000,0x000000073f5d3e40,0x00000007400c0000)
}
Event: 21,845 GC heap before
{Heap before GC invocations=2 (full 0):
 PSYoungGen      total 56192K, used 53348K [0x00000007c14b0000, 0x00000007c5360000, 0x0000000800000000)
  eden space 48192K, 100% used [0x00000007c14b0000,0x00000007c43c0000,0x00000007c43c0000)
  from space 8000K, 64% used [0x00000007c43c0000,0x00000007c48c93c8,0x00000007c4b90000)
  to   space 8000K, 0% used [0x00000007c4b90000,0x00000007c4b90000,0x00000007c5360000)
 ParOldGen       total 128384K, used 8K [0x0000000743e00000, 0x000000074bb60000, 0x00000007c14b0000)
  object space 128384K, 0% used [0x0000000743e00000,0x0000000743e02000,0x000000074bb60000)
 PSPermGen       total 21248K, used 10078K [0x000000073ec00000, 0x00000007400c0000, 0x0000000743e00000)
  object space 21248K, 47% used [0x000000073ec00000,0x000000073f5d7ac8,0x00000007400c0000)
Event: 21,854 GC heap after
Heap after GC invocations=2 (full 0):
 PSYoungGen      total 56192K, used 2995K [0x00000007c14b0000, 0x00000007c5360000, 0x0000000800000000)
  eden space 48192K, 0% used [0x00000007c14b0000,0x00000007c14b0000,0x00000007c43c0000)
  from space 8000K, 37% used [0x00000007c4b90000,0x00000007c4e7cfe0,0x00000007c5360000)
  to   space 8000K, 0% used [0x00000007c43c0000,0x00000007c43c0000,0x00000007c4b90000)
 ParOldGen       total 128384K, used 16K [0x0000000743e00000, 0x000000074bb60000, 0x00000007c14b0000)
  object space 128384K, 0% used [0x0000000743e00000,0x0000000743e04000,0x000000074bb60000)
 PSPermGen       total 21248K, used 10078K [0x000000073ec00000, 0x00000007400c0000, 0x0000000743e00000)
  object space 21248K, 47% used [0x000000073ec00000,0x000000073f5d7ac8,0x00000007400c0000)
}
Event: 32,099 GC heap before
{Heap before GC invocations=3 (full 0):
 PSYoungGen      total 56192K, used 51187K [0x00000007c14b0000, 0x00000007c5360000, 0x0000000800000000)
  eden space 48192K, 100% used [0x00000007c14b0000,0x00000007c43c0000,0x00000007c43c0000)
  from space 8000K, 37% used [0x00000007c4b90000,0x00000007c4e7cfe0,0x00000007c5360000)
  to   space 8000K, 0% used [0x00000007c43c0000,0x00000007c43c0000,0x00000007c4b90000)
 ParOldGen       total 128384K, used 16K [0x0000000743e00000, 0x000000074bb60000, 0x00000007c14b0000)
  object space 128384K, 0% used [0x0000000743e00000,0x0000000743e04000,0x000000074bb60000)
 PSPermGen       total 21248K, used 10183K [0x000000073ec00000, 0x00000007400c0000, 0x0000000743e00000)
  object space 21248K, 47% used [0x000000073ec00000,0x000000073f5f1ce8,0x00000007400c0000)
Event: 32,102 GC heap after
Heap after GC invocations=3 (full 0):
 PSYoungGen      total 56192K, used 4471K [0x00000007c14b0000, 0x00000007c5360000, 0x0000000800000000)
  eden space 48192K, 0% used [0x00000007c14b0000,0x00000007c14b0000,0x00000007c43c0000)
  from space 8000K, 55% used [0x00000007c43c0000,0x00000007c481df70,0x00000007c4b90000)
  to   space 8000K, 0% used [0x00000007c4b90000,0x00000007c4b90000,0x00000007c5360000)
 ParOldGen       total 128384K, used 24K [0x0000000743e00000, 0x000000074bb60000, 0x00000007c14b0000)
  object space 128384K, 0% used [0x0000000743e00000,0x0000000743e06000,0x000000074bb60000)
 PSPermGen       total 21248K, used 10183K [0x000000073ec00000, 0x00000007400c0000, 0x0000000743e00000)
  object space 21248K, 47% used [0x000000073ec00000,0x000000073f5f1ce8,0x00000007400c0000)
}
Event: 43,179 GC heap before
{Heap before GC invocations=4 (full 0):
 PSYoungGen      total 56192K, used 52663K [0x00000007c14b0000, 0x00000007c5360000, 0x0000000800000000)
  eden space 48192K, 100% used [0x00000007c14b0000,0x00000007c43c0000,0x00000007c43c0000)
  from space 8000K, 55% used [0x00000007c43c0000,0x00000007c481df70,0x00000007c4b90000)
  to   space 8000K, 0% used [0x00000007c4b90000,0x00000007c4b90000,0x00000007c5360000)
 ParOldGen       total 128384K, used 24K [0x0000000743e00000, 0x000000074bb60000, 0x00000007c14b0000)
  object space 128384K, 0% used [0x0000000743e00000,0x0000000743e06000,0x000000074bb60000)
 PSPermGen       total 21248K, used 10199K [0x000000073ec00000, 0x00000007400c0000, 0x0000000743e00000)
  object space 21248K, 48% used [0x000000073ec00000,0x000000073f5f5d78,0x00000007400c0000)
Event: 43,182 GC heap after
Heap after GC invocations=4 (full 0):
 PSYoungGen      total 56192K, used 3066K [0x00000007c14b0000, 0x00000007c5360000, 0x0000000800000000)
  eden space 48192K, 0% used [0x00000007c14b0000,0x00000007c14b0000,0x00000007c43c0000)
  from space 8000K, 38% used [0x00000007c4b90000,0x00000007c4e8e800,0x00000007c5360000)
  to   space 8000K, 0% used [0x00000007c43c0000,0x00000007c43c0000,0x00000007c4b90000)
 ParOldGen       total 128384K, used 32K [0x0000000743e00000, 0x000000074bb60000, 0x00000007c14b0000)
  object space 128384K, 0% used [0x0000000743e00000,0x0000000743e08000,0x000000074bb60000)
 PSPermGen       total 21248K, used 10199K [0x000000073ec00000, 0x00000007400c0000, 0x0000000743e00000)
  object space 21248K, 48% used [0x000000073ec00000,0x000000073f5f5d78,0x00000007400c0000)
}
Event: 54,122 GC heap before
{Heap before GC invocations=5 (full 0):
 PSYoungGen      total 56192K, used 51258K [0x00000007c14b0000, 0x00000007c5360000, 0x0000000800000000)
  eden space 48192K, 100% used [0x00000007c14b0000,0x00000007c43c0000,0x00000007c43c0000)
  from space 8000K, 38% used [0x00000007c4b90000,0x00000007c4e8e800,0x00000007c5360000)
  to   space 8000K, 0% used [0x00000007c43c0000,0x00000007c43c0000,0x00000007c4b90000)
 ParOldGen       total 128384K, used 32K [0x0000000743e00000, 0x000000074bb60000, 0x00000007c14b0000)
  object space 128384K, 0% used [0x0000000743e00000,0x0000000743e08000,0x000000074bb60000)
 PSPermGen       total 21248K, used 10253K [0x000000073ec00000, 0x00000007400c0000, 0x0000000743e00000)
  object space 21248K, 48% used [0x000000073ec00000,0x000000073f603628,0x00000007400c0000)
Event: 54,125 GC heap after
Heap after GC invocations=5 (full 0):
 PSYoungGen      total 52416K, used 5354K [0x00000007c14b0000, 0x00000007c4ee0000, 0x0000000800000000)
  eden space 47040K, 0% used [0x00000007c14b0000,0x00000007c14b0000,0x00000007c42a0000)
  from space 5376K, 99% used [0x00000007c43c0000,0x00000007c48fabc0,0x00000007c4900000)
  to   space 6016K, 0% used [0x00000007c4900000,0x00000007c4900000,0x00000007c4ee0000)
 ParOldGen       total 128384K, used 40K [0x0000000743e00000, 0x000000074bb60000, 0x00000007c14b0000)
  object space 128384K, 0% used [0x0000000743e00000,0x0000000743e0a000,0x000000074bb60000)
 PSPermGen       total 21248K, used 10253K [0x000000073ec00000, 0x00000007400c0000, 0x0000000743e00000)
  object space 21248K, 48% used [0x000000073ec00000,0x000000073f603628,0x00000007400c0000)
}

