# JRE version: 7.0_07-b10
# Java VM: Java HotSpot(TM) 64-Bit Server VM (23.3-b01 mixed mode linux-amd64 compressed oops)
Heap
 PSYoungGen      total 41088K, used 2047K [0x00000007c14b0000, 0x00000007c52b0000, 0x0000000800000000)
  eden space 40832K, 5% used [0x00000007c14b0000,0x00000007c16afcc0,0x00000007c3c90000)
  from space 256K, 0% used [0x00000007c3d80000,0x00000007c3d80000,0x00000007c3dc0000)
  to   space 11328K, 0% used [0x00000007c47a0000,0x00000007c47a0000,0x00000007c52b0000)
 ParOldGen       total 104512K, used 14718K [0x0000000743e00000, 0x000000074a410000, 0x00000007c14b0000)
  object space 104512K, 14% used [0x0000000743e00000,0x0000000744c5fa00,0x000000074a410000)
 PSPermGen       total 22464K, used 10989K [0x000000073ec00000, 0x00000007401f0000, 0x0000000743e00000)
  object space 22464K, 48% used [0x000000073ec00000,0x000000073f6bb548,0x00000007401f0000)
GC Heap History (10 events):
Event: 44,057 GC heap before
{Heap before GC invocations=8 (full 0):
 PSYoungGen      total 44992K, used 43529K [0x00000007c14b0000, 0x00000007c58b0000, 0x0000000800000000)
  eden space 44800K, 96% used [0x00000007c14b0000,0x00000007c3f02680,0x00000007c4070000)
  from space 192K, 100% used [0x00000007c4180000,0x00000007c41b0000,0x00000007c41b0000)
  to   space 12416K, 0% used [0x00000007c4c90000,0x00000007c4c90000,0x00000007c58b0000)
 ParOldGen       total 128384K, used 52784K [0x0000000743e00000, 0x000000074bb60000, 0x00000007c14b0000)
  object space 128384K, 41% used [0x0000000743e00000,0x000000074718c3d8,0x000000074bb60000)
 PSPermGen       total 21248K, used 10952K [0x000000073ec00000, 0x00000007400c0000, 0x0000000743e00000)
  object space 21248K, 51% used [0x000000073ec00000,0x000000073f6b2398,0x00000007400c0000)
Event: 44,061 GC heap after
Heap after GC invocations=8 (full 0):
 PSYoungGen      total 54784K, used 160K [0x00000007c14b0000, 0x00000007c5750000, 0x0000000800000000)
  eden space 43776K, 0% used [0x00000007c14b0000,0x00000007c14b0000,0x00000007c3f70000)
  from space 11008K, 1% used [0x00000007c4c90000,0x00000007c4cb8000,0x00000007c5750000)
  to   space 12224K, 0% used [0x00000007c3f70000,0x00000007c3f70000,0x00000007c4b60000)
 ParOldGen       total 128384K, used 66404K [0x0000000743e00000, 0x000000074bb60000, 0x00000007c14b0000)
  object space 128384K, 51% used [0x0000000743e00000,0x0000000747ed93e8,0x000000074bb60000)
 PSPermGen       total 21248K, used 10952K [0x000000073ec00000, 0x00000007400c0000, 0x0000000743e00000)
  object space 21248K, 51% used [0x000000073ec00000,0x000000073f6b2398,0x00000007400c0000)
}
Event: 48,031 GC heap before
{Heap before GC invocations=9 (full 0):
 PSYoungGen      total 54784K, used 39953K [0x00000007c14b0000, 0x00000007c5750000, 0x0000000800000000)
  eden space 43776K, 90% used [0x00000007c14b0000,0x00000007c3b8c420,0x00000007c3f70000)
  from space 11008K, 1% used [0x00000007c4c90000,0x00000007c4cb8000,0x00000007c5750000)
  to   space 12224K, 0% used [0x00000007c3f70000,0x00000007c3f70000,0x00000007c4b60000)
 ParOldGen       total 128384K, used 66404K [0x0000000743e00000, 0x000000074bb60000, 0x00000007c14b0000)
  object space 128384K, 51% used [0x0000000743e00000,0x0000000747ed93e8,0x000000074bb60000)
 PSPermGen       total 21248K, used 10953K [0x000000073ec00000, 0x00000007400c0000, 0x0000000743e00000)
  object space 21248K, 51% used [0x000000073ec00000,0x000000073f6b24f0,0x00000007400c0000)
Event: 48,036 GC heap after
Heap after GC invocations=9 (full 0):
 PSYoungGen      total 42880K, used 128K [0x00000007c14b0000, 0x00000007c55d0000, 0x0000000800000000)
  eden space 42752K, 0% used [0x00000007c14b0000,0x00000007c14b0000,0x00000007c3e70000)
  from space 128K, 100% used [0x00000007c3f70000,0x00000007c3f90000,0x00000007c3f90000)
  to   space 11968K, 0% used [0x00000007c4a20000,0x00000007c4a20000,0x00000007c55d0000)
 ParOldGen       total 128384K, used 79734K [0x0000000743e00000, 0x000000074bb60000, 0x00000007c14b0000)
  object space 128384K, 62% used [0x0000000743e00000,0x0000000748bdd888,0x000000074bb60000)
 PSPermGen       total 21248K, used 10953K [0x000000073ec00000, 0x00000007400c0000, 0x0000000743e00000)
  object space 21248K, 51% used [0x000000073ec00000,0x000000073f6b24f0,0x00000007400c0000)
}
Event: 48,415 GC heap before
{Heap before GC invocations=10 (full 0):
 PSYoungGen      total 42880K, used 41020K [0x00000007c14b0000, 0x00000007c55d0000, 0x0000000800000000)
  eden space 42752K, 95% used [0x00000007c14b0000,0x00000007c3c9f070,0x00000007c3e70000)
  from space 128K, 100% used [0x00000007c3f70000,0x00000007c3f90000,0x00000007c3f90000)
  to   space 11968K, 0% used [0x00000007c4a20000,0x00000007c4a20000,0x00000007c55d0000)
 ParOldGen       total 128384K, used 79734K [0x0000000743e00000, 0x000000074bb60000, 0x00000007c14b0000)
  object space 128384K, 62% used [0x0000000743e00000,0x0000000748bdd888,0x000000074bb60000)
 PSPermGen       total 21248K, used 10954K [0x000000073ec00000, 0x00000007400c0000, 0x0000000743e00000)
  object space 21248K, 51% used [0x000000073ec00000,0x000000073f6b2b18,0x00000007400c0000)
Event: 48,420 GC heap after
Heap after GC invocations=10 (full 0):
 PSYoungGen      total 52288K, used 160K [0x00000007c14b0000, 0x00000007c5460000, 0x0000000800000000)
  eden space 41792K, 0% used [0x00000007c14b0000,0x00000007c14b0000,0x00000007c3d80000)
  from space 10496K, 1% used [0x00000007c4a20000,0x00000007c4a48000,0x00000007c5460000)
  to   space 11712K, 0% used [0x00000007c3d80000,0x00000007c3d80000,0x00000007c48f0000)
 ParOldGen       total 128384K, used 93424K [0x0000000743e00000, 0x000000074bb60000, 0x00000007c14b0000)
  object space 128384K, 72% used [0x0000000743e00000,0x000000074993c318,0x000000074bb60000)
 PSPermGen       total 21248K, used 10954K [0x000000073ec00000, 0x00000007400c0000, 0x0000000743e00000)
  object space 21248K, 51% used [0x000000073ec00000,0x000000073f6b2b18,0x00000007400c0000)
}
Event: 53,802 GC heap before
{Heap before GC invocations=11 (full 0):
 PSYoungGen      total 52288K, used 41952K [0x00000007c14b0000, 0x00000007c5460000, 0x0000000800000000)
  eden space 41792K, 100% used [0x00000007c14b0000,0x00000007c3d80000,0x00000007c3d80000)
  from space 10496K, 1% used [0x00000007c4a20000,0x00000007c4a48000,0x00000007c5460000)
  to   space 11712K, 0% used [0x00000007c3d80000,0x00000007c3d80000,0x00000007c48f0000)
 ParOldGen       total 128384K, used 93424K [0x0000000743e00000, 0x000000074bb60000, 0x00000007c14b0000)
  object space 128384K, 72% used [0x0000000743e00000,0x000000074993c318,0x000000074bb60000)
 PSPermGen       total 21248K, used 10963K [0x000000073ec00000, 0x00000007400c0000, 0x0000000743e00000)
  object space 21248K, 51% used [0x000000073ec00000,0x000000073f6b4f20,0x00000007400c0000)
Event: 53,818 GC heap after
Heap after GC invocations=11 (full 0):
 PSYoungGen      total 41088K, used 224K [0x00000007c14b0000, 0x00000007c52b0000, 0x0000000800000000)
  eden space 40832K, 0% used [0x00000007c14b0000,0x00000007c14b0000,0x00000007c3c90000)
  from space 256K, 87% used [0x00000007c3d80000,0x00000007c3db8000,0x00000007c3dc0000)
  to   space 11328K, 0% used [0x00000007c47a0000,0x00000007c47a0000,0x00000007c52b0000)
 ParOldGen       total 169088K, used 161076K [0x0000000743e00000, 0x000000074e320000, 0x00000007c14b0000)
  object space 169088K, 95% used [0x0000000743e00000,0x000000074db4d3f8,0x000000074e320000)
 PSPermGen       total 21248K, used 10963K [0x000000073ec00000, 0x00000007400c0000, 0x0000000743e00000)
  object space 21248K, 51% used [0x000000073ec00000,0x000000073f6b4f20,0x00000007400c0000)
}
Event: 53,818 GC heap before
{Heap before GC invocations=12 (full 1):
 PSYoungGen      total 41088K, used 224K [0x00000007c14b0000, 0x00000007c52b0000, 0x0000000800000000)
  eden space 40832K, 0% used [0x00000007c14b0000,0x00000007c14b0000,0x00000007c3c90000)
  from space 256K, 87% used [0x00000007c3d80000,0x00000007c3db8000,0x00000007c3dc0000)
  to   space 11328K, 0% used [0x00000007c47a0000,0x00000007c47a0000,0x00000007c52b0000)
 ParOldGen       total 169088K, used 161076K [0x0000000743e00000, 0x000000074e320000, 0x00000007c14b0000)
  object space 169088K, 95% used [0x0000000743e00000,0x000000074db4d3f8,0x000000074e320000)
 PSPermGen       total 21248K, used 10963K [0x000000073ec00000, 0x00000007400c0000, 0x0000000743e00000)
  object space 21248K, 51% used [0x000000073ec00000,0x000000073f6b4f20,0x00000007400c0000)
Event: 53,850 GC heap after
Heap after GC invocations=12 (full 1):
 PSYoungGen      total 41088K, used 0K [0x00000007c14b0000, 0x00000007c52b0000, 0x0000000800000000)
  eden space 40832K, 0% used [0x00000007c14b0000,0x00000007c14b0000,0x00000007c3c90000)
  from space 256K, 0% used [0x00000007c3d80000,0x00000007c3d80000,0x00000007c3dc0000)
  to   space 11328K, 0% used [0x00000007c47a0000,0x00000007c47a0000,0x00000007c52b0000)
 ParOldGen       total 104512K, used 14718K [0x0000000743e00000, 0x000000074a410000, 0x00000007c14b0000)
  object space 104512K, 14% used [0x0000000743e00000,0x0000000744c5fa00,0x000000074a410000)
 PSPermGen       total 22464K, used 10959K [0x000000073ec00000, 0x00000007401f0000, 0x0000000743e00000)
  object space 22464K, 48% used [0x000000073ec00000,0x000000073f6b3e08,0x00000007401f0000)
}

